2024-08-29 08:24:07,175 CRIT Supervisor is running as root.  Privileges were not dropped because no user is specified in the config file.  If you intend to run as root, you can set user=root in the config file to avoid this message.
2024-08-29 08:24:07,180 INFO supervisord started with pid 1
2024-08-29 08:24:08,186 INFO spawned: 'php-fpm' with pid 8
2024-08-29 08:24:09,337 INFO success: php-fpm entered RUNNING state, process has stayed up for > than 1 seconds (startsecs)
2024-08-29 08:41:24,114 WARN received SIGQUIT indicating exit request
2024-08-29 08:41:24,114 INFO waiting for php-fpm to die
2024-08-29 08:41:24,121 INFO stopped: php-fpm (exit status 0)
2024-08-29 08:41:57,247 CRIT Supervisor is running as root.  Privileges were not dropped because no user is specified in the config file.  If you intend to run as root, you can set user=root in the config file to avoid this message.
2024-08-29 08:41:57,254 INFO supervisord started with pid 1
2024-08-29 08:41:58,262 INFO spawned: 'php-fpm' with pid 7
2024-08-29 08:41:59,489 INFO success: php-fpm entered RUNNING state, process has stayed up for > than 1 seconds (startsecs)
2024-08-29 08:49:14,992 WARN received SIGQUIT indicating exit request
2024-08-29 08:49:14,992 INFO waiting for php-fpm to die
2024-08-29 08:49:15,999 INFO stopped: php-fpm (exit status 0)
2024-08-29 08:49:49,089 CRIT Supervisor is running as root.  Privileges were not dropped because no user is specified in the config file.  If you intend to run as root, you can set user=root in the config file to avoid this message.
2024-08-29 08:49:49,093 INFO supervisord started with pid 1
2024-08-29 08:49:50,096 INFO spawned: 'php-fpm' with pid 7
2024-08-29 08:49:51,332 INFO success: php-fpm entered RUNNING state, process has stayed up for > than 1 seconds (startsecs)
2024-08-29 09:21:24,546 WARN received SIGQUIT indicating exit request
2024-08-29 09:21:24,548 INFO waiting for php-fpm to die
2024-08-29 09:21:24,554 INFO stopped: php-fpm (exit status 0)
2024-08-29 09:23:20,347 CRIT Supervisor is running as root.  Privileges were not dropped because no user is specified in the config file.  If you intend to run as root, you can set user=root in the config file to avoid this message.
2024-08-29 09:23:20,354 INFO supervisord started with pid 1
2024-08-29 09:23:21,362 INFO spawned: 'php-fpm' with pid 7
2024-08-29 09:23:22,508 INFO success: php-fpm entered RUNNING state, process has stayed up for > than 1 seconds (startsecs)
2024-08-29 09:25:08,631 WARN received SIGQUIT indicating exit request
2024-08-29 09:25:08,631 INFO waiting for php-fpm to die
2024-08-29 09:25:09,637 INFO stopped: php-fpm (exit status 0)
2024-08-29 09:27:14,930 CRIT Supervisor is running as root.  Privileges were not dropped because no user is specified in the config file.  If you intend to run as root, you can set user=root in the config file to avoid this message.
2024-08-29 09:27:14,936 INFO supervisord started with pid 1
2024-08-29 09:27:15,943 INFO spawned: 'php-fpm' with pid 7
2024-08-29 09:27:17,206 INFO success: php-fpm entered RUNNING state, process has stayed up for > than 1 seconds (startsecs)
2024-08-29 09:31:10,475 WARN received SIGQUIT indicating exit request
2024-08-29 09:31:10,476 INFO waiting for php-fpm to die
2024-08-29 09:31:10,480 INFO stopped: php-fpm (exit status 0)
2024-08-29 09:31:47,326 CRIT Supervisor is running as root.  Privileges were not dropped because no user is specified in the config file.  If you intend to run as root, you can set user=root in the config file to avoid this message.
2024-08-29 09:31:47,330 INFO supervisord started with pid 1
2024-08-29 09:31:48,335 INFO spawned: 'php-fpm' with pid 7
2024-08-29 09:31:49,529 INFO success: php-fpm entered RUNNING state, process has stayed up for > than 1 seconds (startsecs)
2024-08-29 09:41:42,247 WARN received SIGQUIT indicating exit request
2024-08-29 09:41:42,247 INFO waiting for php-fpm to die
2024-08-29 09:41:42,253 INFO stopped: php-fpm (exit status 0)
2024-08-29 09:42:11,561 CRIT Supervisor is running as root.  Privileges were not dropped because no user is specified in the config file.  If you intend to run as root, you can set user=root in the config file to avoid this message.
2024-08-29 09:42:11,566 INFO supervisord started with pid 1
2024-08-29 09:42:12,569 INFO spawned: 'php-fpm' with pid 7
2024-08-29 09:42:13,685 INFO success: php-fpm entered RUNNING state, process has stayed up for > than 1 seconds (startsecs)
2024-08-29 09:52:51,479 WARN received SIGQUIT indicating exit request
2024-08-29 09:52:51,480 INFO waiting for php-fpm to die
2024-08-29 09:52:52,486 INFO stopped: php-fpm (exit status 0)
2024-08-29 09:53:32,919 CRIT Supervisor is running as root.  Privileges were not dropped because no user is specified in the config file.  If you intend to run as root, you can set user=root in the config file to avoid this message.
2024-08-29 09:53:32,923 INFO supervisord started with pid 1
2024-08-29 09:53:33,926 INFO spawned: 'php-fpm' with pid 6
2024-08-29 09:53:34,997 INFO success: php-fpm entered RUNNING state, process has stayed up for > than 1 seconds (startsecs)
2024-08-29 09:54:16,042 WARN received SIGQUIT indicating exit request
2024-08-29 09:54:16,043 INFO waiting for php-fpm to die
2024-08-29 09:54:17,049 INFO stopped: php-fpm (exit status 0)
2024-08-29 10:58:32,740 CRIT Supervisor is running as root.  Privileges were not dropped because no user is specified in the config file.  If you intend to run as root, you can set user=root in the config file to avoid this message.
2024-08-29 10:58:32,745 INFO supervisord started with pid 1
2024-08-29 10:58:33,753 INFO spawned: 'php-fpm' with pid 7
2024-08-29 10:58:35,086 INFO success: php-fpm entered RUNNING state, process has stayed up for > than 1 seconds (startsecs)
2024-08-29 11:05:37,234 CRIT Supervisor is running as root.  Privileges were not dropped because no user is specified in the config file.  If you intend to run as root, you can set user=root in the config file to avoid this message.
2024-08-29 11:05:37,237 INFO supervisord started with pid 62
2024-08-29 11:05:38,240 INFO spawned: 'php-fpm' with pid 63
2024-08-29 11:05:39,285 INFO success: php-fpm entered RUNNING state, process has stayed up for > than 1 seconds (startsecs)
2024-08-29 11:05:39,285 INFO exited: php-fpm (exit status 78; not expected)
2024-08-29 11:05:40,289 INFO spawned: 'php-fpm' with pid 64
2024-08-29 11:05:41,334 INFO success: php-fpm entered RUNNING state, process has stayed up for > than 1 seconds (startsecs)
2024-08-29 11:05:41,334 INFO exited: php-fpm (exit status 78; not expected)
2024-08-29 11:05:42,338 INFO spawned: 'php-fpm' with pid 65
2024-08-29 11:05:43,383 INFO success: php-fpm entered RUNNING state, process has stayed up for > than 1 seconds (startsecs)
2024-08-29 11:05:43,384 INFO exited: php-fpm (exit status 78; not expected)
2024-08-29 11:05:44,388 INFO spawned: 'php-fpm' with pid 66
2024-08-29 11:05:45,433 INFO success: php-fpm entered RUNNING state, process has stayed up for > than 1 seconds (startsecs)
2024-08-29 11:05:45,433 INFO exited: php-fpm (exit status 78; not expected)
2024-08-29 11:05:46,437 INFO spawned: 'php-fpm' with pid 67
2024-08-29 11:05:47,481 INFO success: php-fpm entered RUNNING state, process has stayed up for > than 1 seconds (startsecs)
2024-08-29 11:05:47,481 INFO exited: php-fpm (exit status 78; not expected)
2024-08-29 11:05:48,484 INFO spawned: 'php-fpm' with pid 68
2024-08-29 11:05:48,531 INFO exited: php-fpm (exit status 78; not expected)
2024-08-29 11:05:49,534 INFO spawned: 'php-fpm' with pid 69
2024-08-29 11:05:49,580 INFO exited: php-fpm (exit status 78; not expected)
2024-08-29 11:05:50,581 WARN received SIGINT indicating exit request
2024-08-29 11:07:13,683 WARN received SIGQUIT indicating exit request
2024-08-29 11:07:13,684 INFO waiting for php-fpm to die
2024-08-29 11:07:14,690 INFO stopped: php-fpm (exit status 0)
